[2025-12-06 18:02:11] Wizard Ghost: Calling wp_mail to: mcurran691@gmail.com
[2025-12-06 18:02:11] Wizard Ghost: Subject: New Wizard Ghost Form Submission
[2025-12-06 18:02:11] Wizard Ghost: From: info@lifeinsuranceunder30.co.uk
[2025-12-06 18:02:11] Wizard Ghost: Calling wp_mail to: navis.programmer@gmail.com
[2025-12-06 18:02:11] Wizard Ghost: Subject: New Wizard Ghost Form Submission
[2025-12-06 18:02:11] Wizard Ghost: From: info@lifeinsuranceunder30.co.uk
[2025-12-06 18:02:11] Wizard Ghost: wp_mail returned TRUE - Email queued successfully to navis.programmer@gmail.com
[2025-12-06 18:28:13] Wizard Ghost: Calling wp_mail to: mcurran691@gmail.com
[2025-12-06 18:28:13] Wizard Ghost: Subject: New Wizard Ghost Form Submission
[2025-12-06 18:28:13] Wizard Ghost: From: info@lifeinsuranceunder30.co.uk
[2025-12-06 18:28:13] Wizard Ghost: Calling wp_mail to: navis.programmer@gmail.com
[2025-12-06 18:28:13] Wizard Ghost: Subject: New Wizard Ghost Form Submission
[2025-12-06 18:28:13] Wizard Ghost: From: info@lifeinsuranceunder30.co.uk
[2025-12-06 18:28:13] Wizard Ghost: wp_mail returned TRUE - Email queued successfully to navis.programmer@gmail.com
[2025-12-06 18:38:10] Wizard Ghost: Calling wp_mail to: mcurran691@gmail.com
[2025-12-06 18:38:10] Wizard Ghost: Subject: New Wizard Ghost Form Submission
[2025-12-06 18:38:10] Wizard Ghost: From: info@lifeinsuranceunder30.co.uk
[2025-12-06 18:38:10] Wizard Ghost: Calling wp_mail to: navis.programmer@gmail.com
[2025-12-06 18:38:10] Wizard Ghost: Subject: New Wizard Ghost Form Submission
[2025-12-06 18:38:10] Wizard Ghost: From: info@lifeinsuranceunder30.co.uk
[2025-12-06 18:38:10] Wizard Ghost: wp_mail returned TRUE - Email queued successfully to navis.programmer@gmail.com
[2025-12-06 18:46:31] Wizard Ghost: Calling wp_mail to: mcurran691@gmail.com
[2025-12-06 18:46:31] Wizard Ghost: Subject: New Wizard Ghost Form Submission
[2025-12-06 18:46:31] Wizard Ghost: From: info@sickpaylifeline.co.uk
[2025-12-06 18:46:31] Wizard Ghost: Calling wp_mail to: navis.programmer@gmail.com
[2025-12-06 18:46:31] Wizard Ghost: Subject: New Wizard Ghost Form Submission
[2025-12-06 18:46:31] Wizard Ghost: From: info@sickpaylifeline.co.uk
[2025-12-06 18:46:31] Wizard Ghost: wp_mail returned TRUE - Email queued successfully to navis.programmer@gmail.com
[2025-12-06 19:02:06] Wizard Ghost: Calling wp_mail to: mcurran691@gmail.com
[2025-12-06 19:02:06] Wizard Ghost: Subject: New Wizard Ghost Form Submission
[2025-12-06 19:02:06] Wizard Ghost: From: info@sickpaylifeline.co.uk
[2025-12-06 19:02:06] Wizard Ghost: Calling wp_mail to: navis.programmer@gmail.com
[2025-12-06 19:02:06] Wizard Ghost: Subject: New Wizard Ghost Form Submission
[2025-12-06 19:02:06] Wizard Ghost: From: info@sickpaylifeline.co.uk
[2025-12-06 19:02:06] Wizard Ghost: wp_mail returned TRUE - Email queued successfully to navis.programmer@gmail.com
